This is pdfTeX, Version 3.14159265-2.6-1.40.15 (TeX Live 2015/dev/Debian) (preloaded format=pdflatex 2015.11.11)  26 JUL 2016 23:30
entering extended mode
 restricted \write18 enabled.
 file:line:error style messages enabled.
 %&-line parsing enabled.
**\input ./intro.tex
(./intro.tex (/usr/share/texlive/texmf-dist/tex/latex/base/slides.cls
Document Class: slides 2014/09/29 v2.3z Standard LaTeX document class
(/usr/share/texlive/texmf-dist/tex/latex/base/slides.def
File: slides.def 2014/09/29 v2.3z SLiTeX definitions
 hacks, slides,
\c@page=\count79

picture, mods,
\@smashboxa=\box26
\@smashboxb=\box27
\@smashboxc=\box28
 output, init)
(/usr/share/texlive/texmf-dist/tex/latex/base/sfonts.def
File: sfonts.def 1998/06/12 v2.2e Standard LaTeX slide font definitions

(/usr/share/texlive/texmf-dist/tex/latex/base/ot1lcmss.fd
File: ot1lcmss.fd 1998/06/12 v2.2e Standard LaTeX slide font definitions
))
\c@minutes=\count80
\c@seconds=\count81
\c@mv@invisible=\count82
LaTeX Font Info:    Overwriting symbol font `operators' in version `normal'
(Font)                  OT1/cmr/m/n --> OT1/lcmss/m/n on input line 369.
LaTeX Font Info:    Overwriting symbol font `letters' in version `normal'
(Font)                  OML/cmm/m/it --> OML/lcmm/m/it on input line 372.
LaTeX Font Info:    Overwriting symbol font `symbols' in version `normal'
(Font)                  OMS/cmsy/m/n --> OMS/lcmsy/m/n on input line 374.
LaTeX Font Info:    Overwriting symbol font `largesymbols' in version `normal'
(Font)                  OMX/cmex/m/n --> OMX/lcmex/m/n on input line 376.
LaTeX Font Info:    Overwriting symbol font `operators' in version `invisible'
(Font)                  OT1/cmr/m/n --> OT1/lcmss/m/In on input line 379.
LaTeX Font Info:    Overwriting symbol font `letters' in version `invisible'
(Font)                  OML/cmm/m/it --> OML/lcmm/m/Iit on input line 381.
LaTeX Font Info:    Overwriting symbol font `symbols' in version `invisible'
(Font)                  OMS/cmsy/m/n --> OMS/lcmsy/m/In on input line 383.
LaTeX Font Info:    Overwriting symbol font `largesymbols' in version `invisibl
e'
(Font)                  OMX/cmex/m/n --> OMX/lcmex/m/In on input line 385.
)
(/usr/share/texlive/texmf-dist/tex/latex/base/inputenc.sty
Package: inputenc 2014/04/30 v1.2b Input encoding file
\inpenc@prehook=\toks14
\inpenc@posthook=\toks15

(/usr/share/texlive/texmf-dist/tex/latex/base/latin1.def
File: latin1.def 2014/04/30 v1.2b Input encoding file
))
(/usr/share/texlive/texmf-dist/tex/latex/base/fontenc.sty
Package: fontenc 2005/09/27 v1.99g Standard LaTeX package

(/usr/share/texlive/texmf-dist/tex/latex/base/t1enc.def
File: t1enc.def 2005/09/27 v1.99g Standard LaTeX file
LaTeX Font Info:    Redeclaring font encoding T1 on input line 43.
)
LaTeX Font Info:    Try loading font information for T1+lcmss on input line 100
.

(/usr/share/texlive/texmf-dist/tex/latex/base/t1lcmss.fd
File: t1lcmss.fd 1998/06/12 v2.2e Standard LaTeX slide font definitions
))
(/usr/share/texlive/texmf-dist/tex/latex/graphics/graphicx.sty
Package: graphicx 2014/04/25 v1.0g Enhanced LaTeX Graphics (DPC,SPQR)

(/usr/share/texlive/texmf-dist/tex/latex/graphics/keyval.sty
Package: keyval 2014/05/08 v1.15 key=value parser (DPC)
\KV@toks@=\toks16
)
(/usr/share/texlive/texmf-dist/tex/latex/graphics/graphics.sty
Package: graphics 2009/02/05 v1.0o Standard LaTeX Graphics (DPC,SPQR)

(/usr/share/texlive/texmf-dist/tex/latex/graphics/trig.sty
Package: trig 1999/03/16 v1.09 sin cos tan (DPC)
)
(/usr/share/texlive/texmf-dist/tex/latex/latexconfig/graphics.cfg
File: graphics.cfg 2010/04/23 v1.9 graphics configuration of TeX Live
)
Package graphics Info: Driver file: pdftex.def on input line 91.

(/usr/share/texlive/texmf-dist/tex/latex/pdftex-def/pdftex.def
File: pdftex.def 2011/05/27 v0.06d Graphics/color for pdfTeX

(/usr/share/texlive/texmf-dist/tex/generic/oberdiek/infwarerr.sty
Package: infwarerr 2010/04/08 v1.3 Providing info/warning/error messages (HO)
)
(/usr/share/texlive/texmf-dist/tex/generic/oberdiek/ltxcmds.sty
Package: ltxcmds 2011/11/09 v1.22 LaTeX kernel commands for general use (HO)
)
\Gread@gobject=\count83
))
\Gin@req@height=\dimen102
\Gin@req@width=\dimen103
)
(/usr/share/texlive/texmf-dist/tex/latex/graphics/epsfig.sty
Package: epsfig 1999/02/16 v1.7a (e)psfig emulation (SPQR)
\epsfxsize=\dimen104
\epsfysize=\dimen105
)
(/usr/share/texlive/texmf-dist/tex/latex/graphics/color.sty
Package: color 2014/04/23 v1.1a Standard LaTeX Color (DPC)

(/usr/share/texlive/texmf-dist/tex/latex/latexconfig/color.cfg
File: color.cfg 2007/01/18 v1.5 color configuration of teTeX/TeXLive
)
Package color Info: Driver file: pdftex.def on input line 137.
)
(/usr/share/texlive/texmf-dist/tex/latex/hyperref/hyperref.sty
Package: hyperref 2012/11/06 v6.83m Hypertext links for LaTeX

(/usr/share/texlive/texmf-dist/tex/generic/oberdiek/hobsub-hyperref.sty
Package: hobsub-hyperref 2012/05/28 v1.13 Bundle oberdiek, subset hyperref (HO)


(/usr/share/texlive/texmf-dist/tex/generic/oberdiek/hobsub-generic.sty
Package: hobsub-generic 2012/05/28 v1.13 Bundle oberdiek, subset generic (HO)
Package: hobsub 2012/05/28 v1.13 Construct package bundles (HO)
Package hobsub Info: Skipping package `infwarerr' (already loaded).
Package hobsub Info: Skipping package `ltxcmds' (already loaded).
Package: ifluatex 2010/03/01 v1.3 Provides the ifluatex switch (HO)
Package ifluatex Info: LuaTeX not detected.
Package: ifvtex 2010/03/01 v1.5 Detect VTeX and its facilities (HO)
Package ifvtex Info: VTeX not detected.
Package: intcalc 2007/09/27 v1.1 Expandable calculations with integers (HO)
Package: ifpdf 2011/01/30 v2.3 Provides the ifpdf switch (HO)
Package ifpdf Info: pdfTeX in PDF mode is detected.
Package: etexcmds 2011/02/16 v1.5 Avoid name clashes with e-TeX commands (HO)
Package etexcmds Info: Could not find \expanded.
(etexcmds)             That can mean that you are not using pdfTeX 1.50 or
(etexcmds)             that some package has redefined \expanded.
(etexcmds)             In the latter case, load this package earlier.
Package: kvsetkeys 2012/04/25 v1.16 Key value parser (HO)
Package: kvdefinekeys 2011/04/07 v1.3 Define keys (HO)
Package: pdftexcmds 2011/11/29 v0.20 Utility functions of pdfTeX for LuaTeX (HO
)
Package pdftexcmds Info: LuaTeX not detected.
Package pdftexcmds Info: \pdf@primitive is available.
Package pdftexcmds Info: \pdf@ifprimitive is available.
Package pdftexcmds Info: \pdfdraftmode found.
Package: pdfescape 2011/11/25 v1.13 Implements pdfTeX's escape features (HO)
Package: bigintcalc 2012/04/08 v1.3 Expandable calculations on big integers (HO
)
Package: bitset 2011/01/30 v1.1 Handle bit-vector datatype (HO)
Package: uniquecounter 2011/01/30 v1.2 Provide unlimited unique counter (HO)
)
Package hobsub Info: Skipping package `hobsub' (already loaded).
Package: letltxmacro 2010/09/02 v1.4 Let assignment for LaTeX macros (HO)
Package: hopatch 2012/05/28 v1.2 Wrapper for package hooks (HO)
Package: xcolor-patch 2011/01/30 xcolor patch
Package: atveryend 2011/06/30 v1.8 Hooks at the very end of document (HO)
Package atveryend Info: \enddocument detected (standard20110627).
Package: atbegshi 2011/10/05 v1.16 At begin shipout hook (HO)
Package: refcount 2011/10/16 v3.4 Data extraction from label references (HO)
Package: hycolor 2011/01/30 v1.7 Color options for hyperref/bookmark (HO)
)
(/usr/share/texlive/texmf-dist/tex/generic/ifxetex/ifxetex.sty
Package: ifxetex 2010/09/12 v0.6 Provides ifxetex conditional
)
(/usr/share/texlive/texmf-dist/tex/latex/oberdiek/auxhook.sty
Package: auxhook 2011/03/04 v1.3 Hooks for auxiliary files (HO)
)
(/usr/share/texlive/texmf-dist/tex/latex/oberdiek/kvoptions.sty
Package: kvoptions 2011/06/30 v3.11 Key value format for package options (HO)
)
\@linkdim=\dimen106
\Hy@linkcounter=\count84
\Hy@pagecounter=\count85

(/usr/share/texlive/texmf-dist/tex/latex/hyperref/pd1enc.def
File: pd1enc.def 2012/11/06 v6.83m Hyperref: PDFDocEncoding definition (HO)
)
\Hy@SavedSpaceFactor=\count86

(/usr/share/texlive/texmf-dist/tex/latex/latexconfig/hyperref.cfg
File: hyperref.cfg 2002/06/06 v1.2 hyperref configuration of TeXLive
)
Package hyperref Info: Hyper figures OFF on input line 4443.
Package hyperref Info: Link nesting OFF on input line 4448.
Package hyperref Info: Hyper index ON on input line 4451.
Package hyperref Info: Plain pages OFF on input line 4458.
Package hyperref Info: Backreferencing OFF on input line 4463.
Package hyperref Info: Implicit mode ON; LaTeX internals redefined.
Package hyperref Info: Bookmarks ON on input line 4688.
\c@Hy@tempcnt=\count87

(/usr/share/texlive/texmf-dist/tex/latex/url/url.sty
\Urlmuskip=\muskip10
Package: url 2013/09/16  ver 3.4  Verb mode for urls, etc.
)
LaTeX Info: Redefining \url on input line 5041.
\XeTeXLinkMargin=\dimen107
\Fld@menulength=\count88
\Field@Width=\dimen108
\Fld@charsize=\dimen109
Package hyperref Info: Hyper figures OFF on input line 6295.
Package hyperref Info: Link nesting OFF on input line 6300.
Package hyperref Info: Hyper index ON on input line 6303.
Package hyperref Info: backreferencing OFF on input line 6310.
Package hyperref Info: Link coloring OFF on input line 6315.
Package hyperref Info: Link coloring with OCG OFF on input line 6320.
Package hyperref Info: PDF/A mode OFF on input line 6325.
LaTeX Info: Redefining \ref on input line 6365.
LaTeX Info: Redefining \pageref on input line 6369.
\Hy@abspage=\count89
\c@Item=\count90
\c@Hfootnote=\count91
)

Package hyperref Message: Driver (autodetected): hpdftex.

(/usr/share/texlive/texmf-dist/tex/latex/hyperref/hpdftex.def
File: hpdftex.def 2012/11/06 v6.83m Hyperref driver for pdfTeX
\Fld@listcount=\count92
\c@bookmark@seq@number=\count93

(/usr/share/texlive/texmf-dist/tex/latex/oberdiek/rerunfilecheck.sty
Package: rerunfilecheck 2011/04/15 v1.7 Rerun checks for auxiliary files (HO)
Package uniquecounter Info: New unique counter `rerunfilecheck' on input line 2
82.
)
\Hy@SectionHShift=\skip41
)
(./intro.aux)
\openout1 = `intro.aux'.

LaTeX Font Info:    Checking defaults for OML/cmm/m/it on input line 27.
LaTeX Font Info:    ... okay on input line 27.
LaTeX Font Info:    Checking defaults for T1/cmr/m/n on input line 27.
LaTeX Font Info:    ... okay on input line 27.
LaTeX Font Info:    Checking defaults for OT1/lcmss/m/n on input line 27.
LaTeX Font Info:    ... okay on input line 27.
LaTeX Font Info:    Checking defaults for OMS/cmsy/m/n on input line 27.
LaTeX Font Info:    ... okay on input line 27.
LaTeX Font Info:    Checking defaults for OMX/cmex/m/n on input line 27.
LaTeX Font Info:    ... okay on input line 27.
LaTeX Font Info:    Checking defaults for U/cmr/m/n on input line 27.
LaTeX Font Info:    ... okay on input line 27.
LaTeX Font Info:    Checking defaults for PD1/pdf/m/n on input line 27.
LaTeX Font Info:    ... okay on input line 27.
 (/usr/share/texlive/texmf-dist/tex/context/base/supp-pdf.mkii
[Loading MPS to PDF converter (version 2006.09.02).]
\scratchcounter=\count94
\scratchdimen=\dimen110
\scratchbox=\box29
\nofMPsegments=\count95
\nofMParguments=\count96
\everyMPshowfont=\toks17
\MPscratchCnt=\count97
\MPscratchDim=\dimen111
\MPnumerator=\count98
\makeMPintoPDFobject=\count99
\everyMPtoPDFconversion=\toks18
) (/usr/share/texlive/texmf-dist/tex/latex/oberdiek/epstopdf-base.sty
Package: epstopdf-base 2010/02/09 v2.5 Base part for package epstopdf

(/usr/share/texlive/texmf-dist/tex/latex/oberdiek/grfext.sty
Package: grfext 2010/08/19 v1.1 Manage graphics extensions (HO)
)
Package grfext Info: Graphics extension search list:
(grfext)             [.png,.pdf,.jpg,.mps,.jpeg,.jbig2,.jb2,.PNG,.PDF,.JPG,.JPE
G,.JBIG2,.JB2,.eps]
(grfext)             \AppendGraphicsExtensions on input line 452.

(/usr/share/texlive/texmf-dist/tex/latex/latexconfig/epstopdf-sys.cfg
File: epstopdf-sys.cfg 2010/07/13 v1.3 Configuration of (r)epstopdf for TeX Liv
e
))
\AtBeginShipoutBox=\box30
Package hyperref Info: Link coloring OFF on input line 27.

(/usr/share/texlive/texmf-dist/tex/latex/hyperref/nameref.sty
Package: nameref 2012/10/27 v2.43 Cross-referencing by name of section

(/usr/share/texlive/texmf-dist/tex/generic/oberdiek/gettitlestring.sty
Package: gettitlestring 2010/12/03 v1.4 Cleanup title references (HO)
)
\c@section@level=\count100
)
LaTeX Info: Redefining \ref on input line 27.
LaTeX Info: Redefining \pageref on input line 27.
LaTeX Info: Redefining \nameref on input line 27.

(./intro.out) (./intro.out)
\@outlinefile=\write3
\openout3 = `intro.out'.

 <poster.png, id=4, 752.8125pt x 482.80376pt>
File: poster.png Graphic file (type png)

<use poster.png>
Package pdftex.def Info: poster.png used on input line 32.
(pdftex.def)             Requested size: 602.25081pt x 386.24353pt.
 [1

{/var/lib/texmf/fonts/map/pdftex/updmap/pdftex.map} <./poster.png (PNG copy)>]

Class slides Warning: Slide 1 too long on input line 35.

[1]
LaTeX Font Info:    Try loading font information for OML+lcmm on input line 44.

 (/usr/share/texlive/texmf-dist/tex/latex/base/omllcmm.fd
File: omllcmm.fd 1998/06/12 v2.2e Standard LaTeX slide font definitions
)
LaTeX Font Info:    Try loading font information for OMS+lcmsy on input line 44
.

(/usr/share/texlive/texmf-dist/tex/latex/base/omslcmsy.fd
File: omslcmsy.fd 1998/06/12 v2.2e Standard LaTeX slide font definitions
)
LaTeX Font Info:    Try loading font information for OMX+lcmex on input line 44
.

(/usr/share/texlive/texmf-dist/tex/latex/base/omxlcmex.fd
File: omxlcmex.fd 1998/06/12 v2.2e Standard LaTeX slide font definitions
)
LaTeX Font Info:    External font `cmex10 at17.28pt' loaded for size
(Font)              <19.907> on input line 44.
LaTeX Font Info:    External font `cmex10 at17.28pt' loaded for size
(Font)              <16.59> on input line 44.
LaTeX Font Info:    External font `cmex10 at17.28pt' loaded for size
(Font)              <13.82> on input line 44.
 [2]
<garra-makey.png, id=22, 411.78844pt x 269.50688pt>
File: garra-makey.png Graphic file (type png)
 <use garra-makey.png>
Package pdftex.def Info: garra-makey.png used on input line 56.
(pdftex.def)             Requested size: 535.32489pt x 350.35889pt.

[3 <./garra-makey.png>]
<oemfpsystemdiagram.png, id=27, 175.857pt x 111.5367pt>
File: oemfpsystemdiagram.png Graphic file (type png)

<use oemfpsystemdiagram.png>
Package pdftex.def Info: oemfpsystemdiagram.png used on input line 62.
(pdftex.def)             Requested size: 474.8122pt x 301.14795pt.
 [4 <./oemfpsystemdiagram.png>]
<open-building.png, id=34, 700.86844pt x 383.93437pt>
File: open-building.png Graphic file (type png)
 <use open-building.png>
Package pdftex.def Info: open-building.png used on input line 68.
(pdftex.def)             Requested size: 630.77577pt x 345.53773pt.

[5 <./open-building.png>] <AEL.png, id=39, 464.4853pt x 329.73187pt>
File: AEL.png Graphic file (type png)

<use AEL.png>
Package pdftex.def Info: AEL.png used on input line 74.
(pdftex.def)             Requested size: 510.93542pt x 362.70616pt.
 [6 <./AEL.png>]
<open-culture-timeline-1.jpg, id=46, 558.085pt x 337.26pt>
File: open-culture-timeline-1.jpg Graphic file (type jpg)

<use open-culture-timeline-1.jpg>
Package pdftex.def Info: open-culture-timeline-1.jpg used on input line 79.
(pdftex.def)             Requested size: 558.08365pt x 337.25917pt.

<open-culture-timeline-2.jpg, id=47, 495.8525pt x 373.395pt>
File: open-culture-timeline-2.jpg Graphic file (type jpg)

<use open-culture-timeline-2.jpg>
Package pdftex.def Info: open-culture-timeline-2.jpg used on input line 81.
(pdftex.def)             Requested size: 495.85129pt x 373.39409pt.
 [7 <./open-culture-timeline-1.jpg>]

Class slides Warning: Slide 7 too long on input line 82.

[7 <./open-culture-timeline-2.jpg>] [8]
LaTeX Font Info:    External font `cmex10 at17.28pt' loaded for size
(Font)              <12> on input line 150.
LaTeX Font Info:    External font `cmex10 at17.28pt' loaded for size
(Font)              <7> on input line 150.
 [9]
<desktop.png, id=68, 1927.2pt x 1084.05pt>
File: desktop.png Graphic file (type png)
 <use desktop.png>
Package pdftex.def Info: desktop.png used on input line 186.
(pdftex.def)             Requested size: 674.53012pt x 379.42319pt.

Overfull \hbox (24.53012pt too wide) in paragraph at lines 185--187
[] 
 []

<android-cm.jpg, id=69, 803.0pt x 602.25pt>
File: android-cm.jpg Graphic file (type jpg)
 <use android-cm.jpg>
Package pdftex.def Info: android-cm.jpg used on input line 189.
(pdftex.def)             Requested size: 481.80373pt x 361.35278pt.
 [10 <./desktop.png (PNG copy)>] <firefox.png, id=74, 803.0pt x 602.25pt>
File: firefox.png Graphic file (type png)
 <use firefox.png>
Package pdftex.def Info: firefox.png used on input line 192.
(pdftex.def)             Requested size: 497.85486pt x 373.39113pt.


Class slides Warning: Slide 10 too long on input line 193.

[10 <./android-cm.jpg>] <libreoffice.png, id=80, 939.51pt x 563.10374pt>
File: libreoffice.png Graphic file (type png)

<use libreoffice.png>
Package pdftex.def Info: libreoffice.png used on input line 195.
(pdftex.def)             Requested size: 582.49019pt x 349.12071pt.


Class slides Warning: Slide 10 too long on input line 196.

[10 <./firefox.png (PNG copy)>] <gimp.png, id=85, 1017.8025pt x 732.7375pt>
File: gimp.png Graphic file (type png)

<use gimp.png>
Package pdftex.def Info: gimp.png used on input line 198.
(pdftex.def)             Requested size: 508.90001pt x 366.36786pt.


Class slides Warning: Slide 10 too long on input line 199.

[10 <./libreoffice.png>] <ardour.png, id=91, 735.74875pt x 578.16pt>
File: ardour.png Graphic file (type png)

<use ardour.png>
Package pdftex.def Info: ardour.png used on input line 201.
(pdftex.def)             Requested size: 441.45265pt x 346.89867pt.


Class slides Warning: Slide 10 too long on input line 202.

[10 <./gimp.png>] <blender.jpg, id=97, 1686.3pt x 999.735pt>
File: blender.jpg Graphic file (type jpg)
 <use blender.jpg>
Package pdftex.def Info: blender.jpg used on input line 204.
(pdftex.def)             Requested size: 573.33443pt x 339.9054pt.


Class slides Warning: Slide 10 too long on input line 205.

[10 <./ardour.png>]

Class slides Warning: Slide 10 too long on input line 205.

[10 <./blender.jpg>] [11]

Class slides Warning: Slide 11 too long on input line 219.

[11] <ANSOL.png, id=116, 842.1864pt x 597.432pt>
File: ANSOL.png Graphic file (type png)
 <use ANSOL.png>
Package pdftex.def Info: ANSOL.png used on input line 223.
(pdftex.def)             Requested size: 673.75003pt x 477.94624pt.

Overfull \hbox (23.75003pt too wide) in paragraph at lines 223--224
[][] 
 []


Overfull \vbox (55.94624pt too high) has occurred while \output is active []


[12 <./ANSOL.png (PNG copy)>] [13]
<pct2001-miguelg.jpg, id=125, 425.59pt x 252.945pt>
File: pct2001-miguelg.jpg Graphic file (type jpg)
 <use pct2001-miguelg.jpg>
Package pdftex.def Info: pct2001-miguelg.jpg used on input line 243.
(pdftex.def)             Requested size: 425.58894pt x 252.94438pt.

[14 <./pct2001-miguelg.jpg>]

Class slides Warning: Slide 14 too long on input line 261.

[14]

Class slides Warning: Slide 14 too long on input line 268.

[14]

Class slides Warning: Slide 14 too long on input line 276.

[14]
Overfull \hbox (32.28534pt too wide) in paragraph at lines 278--279
[]\T1/lcmss/m/n/19.907 Lei das Nor-mas Aber-tas aprovada na As-sem-bleia da Rep
ública
 []


Overfull \hbox (18.66547pt too wide) in paragraph at lines 279--280
[]\T1/lcmss/m/n/19.907 ANSOL par-tic-ipa na cam-panha in-ter-na-cional conta o 
ACTA,
 []


Class slides Warning: Slide 14 too long on input line 282.

[14] <eventos.png, id=150, 529.22719pt x 447.17062pt>
File: eventos.png Graphic file (type png)
 <use eventos.png>
Package pdftex.def Info: eventos.png used on input line 368.
(pdftex.def)             Requested size: 529.22589pt x 447.16953pt.


Class slides Warning: Slide 14 too long on input line 370.

[14]

Class slides Warning: Slide 14 too long on input line 370.


Overfull \vbox (25.16953pt too high) has occurred while \output is active []


[14 <./eventos.png>]

Class slides Warning: Slide 14 too long on input line 371.

[14] [15]
Package atveryend Info: Empty hook `BeforeClearDocument' on input line 457.
Package atveryend Info: Empty hook `AfterLastShipout' on input line 457.
 (./intro.aux)
Package atveryend Info: Executing hook `AtVeryEndDocument' on input line 457.
Package atveryend Info: Executing hook `AtEndAfterFileList' on input line 457.
Package rerunfilecheck Info: File `intro.out' has not changed.
(rerunfilecheck)             Checksum: D41D8CD98F00B204E9800998ECF8427E;0.
Package atveryend Info: Empty hook `AtVeryVeryEnd' on input line 457.
 ) 
Here is how much of TeX's memory you used:
 5572 strings out of 495020
 83167 string characters out of 6181323
 156869 words of memory out of 5000000
 8693 multiletter control sequences out of 15000+600000
 15425 words of font info for 39 fonts, out of 8000000 for 9000
 14 hyphenation exceptions out of 8191
 29i,6n,23p,251b,471s stack positions out of 5000i,500n,10000p,200000b,80000s
 </home/marado/.texmf-var/fonts/pk/ljfour/jknappen/ec/eclq8.3096pk> </home/ma
rado/.texmf-var/fonts/pk/ljfour/jknappen/ec/eclb8.1493pk> </home/marado/.texmf-
var/fonts/pk/ljfour/jknappen/ec/eclq8.900pk> </home/marado/.texmf-var/fonts/pk/
ljfour/jknappen/ec/ecli8.1244pk> </home/marado/.texmf-var/fonts/pk/ljfour/jknap
pen/ec/eclq8.1244pk> </home/marado/.texmf-var/fonts/pk/ljfour/jknappen/ec/ecli8
.1493pk> </home/marado/.texmf-var/fonts/pk/ljfour/jknappen/ec/eclq8.1493pk> </h
ome/marado/.texmf-var/fonts/pk/ljfour/jknappen/ec/eclq8.2150pk> </home/marado/.
texmf-var/fonts/pk/ljfour/jknappen/ec/eclq8.1037pk></usr/share/texlive/texmf-di
st/fonts/type1/public/amsfonts/cm/cmmi8.pfb></usr/share/texlive/texmf-dist/font
s/type1/public/amsfonts/cm/cmsy8.pfb></usr/share/texlive/texmf-dist/fonts/type1
/public/amsfonts/latxfont/lcmss8.pfb>
Output written on intro.pdf (31 pages, 5374994 bytes).
PDF statistics:
 442 PDF objects out of 1000 (max. 8388607)
 157 compressed objects within 2 object streams
 32 named destinations out of 1000 (max. 500000)
 86 words of extra memory for PDF output out of 10000 (max. 10000000)

